Arguments: 
  C:\Program Files\nodejs\node.exe C:\Users\nsani\AppData\Roaming\npm\node_modules\yarn\bin\yarn.js init

PATH: 
  C:\Users\nsani\bin;C:\Users\nsani\AppData\Local\Programs\Git\mingw64\bin;C:\Users\nsani\AppData\Local\Programs\Git\usr\local\bin;C:\Users\nsani\AppData\Local\Programs\Git\usr\bin;C:\Users\nsani\AppData\Local\Programs\Git\usr\bin;C:\Users\nsani\AppData\Local\Programs\Git\mingw64\bin;C:\Users\nsani\AppData\Local\Programs\Git\usr\bin;C:\Users\nsani\bin;C:\Python39\Scripts;C:\Python39;C:\Program Files\AdoptOpenJDK\jdk-15.0.1.9-hotspot\bin;C:\windows\system32;C:\windows;C:\windows\System32\Wbem;C:\windows\System32\WindowsPowerShell\v1.0;C:\windows\System32\OpenSSH;C:\Program Files (x86)\Intel\Intel(R) Management Engine Components\DAL;C:\Program Files\Intel\Intel(R) Management Engine Components\DAL;C:\Program Files (x86)\Intel\Intel(R) Management Engine Components\IPT;C:\Program Files\Intel\Intel(R) Management Engine Components\IPT;C:\Program Files (x86)\NVIDIA Corporation\PhysX\Common;C:\WINDOWS\system32;C:\WINDOWS;C:\WINDOWS\System32\Wbem;C:\WINDOWS\System32\WindowsPowerShell\v1.0;C:\WINDOWS\System32\OpenSSH;C:\Program Files (x86)\Windows Live\Shared;C:\Program Files\Intel\WiFi\bin;C:\Program Files\Common Files\Intel\WirelessCommon;C:\Program Files\nodejs;C:\ProgramData\chocolatey\bin;C:\Users\nsani\AppData\Local\Programs\Python\Python38-32\Scripts;C:\Users\nsani\AppData\Local\Programs\Python\Python38-32;C:\windows\system32;C:\windows;C:\windows\System32\Wbem;C:\windows\System32\WindowsPowerShell\v1.0;C:\windows\System32\OpenSSH;C:\Program Files (x86)\Intel\Intel(R) Management Engine Components\DAL;C:\Program Files\Intel\Intel(R) Management Engine Components\DAL;C:\Program Files (x86)\Intel\Intel(R) Management Engine Components\IPT;C:\Program Files\Intel\Intel(R) Management Engine Components\IPT;C:\Program Files (x86)\NVIDIA Corporation\PhysX\Common;C:\WINDOWS\system32;C:\WINDOWS;C:\WINDOWS\System32\Wbem;C:\WINDOWS\System32\WindowsPowerShell\v1.0;C:\WINDOWS\System32\OpenSSH;C:\Program Files (x86)\Windows Live\Shared;C:\Program Files\Intel\WiFi\bin;C:\Program Files\Common Files\Intel\WirelessCommon;C:\Users\nsani\AppData\Local\Microsoft\WindowsApps;C:\Users\nsani\AppData\Local\Programs\Microsoft VS Code\bin;C:\Users\nsani\AppData\Local\Programs\Git\cmd;C:\Users\nsani\AppData\Roaming\npm;C:\Users\nsani\AppData\Local\Programs\Git\usr\bin\vendor_perl;C:\Users\nsani\AppData\Local\Programs\Git\usr\bin\core_perl

Yarn version: 
  1.22.10

Node version: 
  14.15.0

Platform: 
  win32 x64

Trace: 
  Error: canceled
      at Interface.<anonymous> (C:\Users\nsani\AppData\Roaming\npm\node_modules\yarn\lib\cli.js:136216:13)
      at Interface.emit (events.js:315:20)
      at Interface._ttyWrite (readline.js:875:16)
      at ReadStream.onkeypress (readline.js:213:10)
      at ReadStream.emit (events.js:315:20)
      at emitKeys (internal/readline/utils.js:345:14)
      at emitKeys.next (<anonymous>)
      at ReadStream.onData (readline.js:1144:36)
      at ReadStream.emit (events.js:315:20)
      at addChunk (_stream_readable.js:309:12)

npm manifest: 
  No manifest

yarn manifest: 
  No manifest

Lockfile: 
  No lockfile
